<?xml version="1.0" encoding="UTF-8"?>
<!-- Generated by org.testng.reporters.JUnitReportReporter -->
<testsuite hostname="LAPTOP-7Q4V18QD" failures="0" tests="3" name="com.qa.testclasses.loginpagetest" time="46.742" errors="0" timestamp="2022-06-08T16:12:44 IST" skipped="0">
  <testcase classname="com.qa.testclasses.loginpagetest" name="loginpagetitletest" time="19.433"/>
  <system-out/>
  <testcase classname="com.qa.testclasses.loginpagetest" name="forgotpasswordlinktest" time="10.312"/>
  <system-out/>
  <testcase classname="com.qa.testclasses.loginpagetest" name="logintest" time="16.997"/>
  <system-out/>
</testsuite> <!-- com.qa.testclasses.loginpagetest -->
