<?xml version="1.0" encoding="UTF-8"?>
<!-- Generated by org.testng.reporters.JUnitReportReporter -->
<testsuite hostname="LAPTOP-7Q4V18QD" failures="0" tests="3" name="com.qa.testclasses.loginpagetest" time="45.288" errors="0" timestamp="2022-06-22T21:33:23 IST" skipped="0">
  <testcase classname="com.qa.testclasses.loginpagetest" name="loginpagetitletest" time="13.714"/>
  <system-out/>
  <testcase classname="com.qa.testclasses.loginpagetest" name="forgotpasswordlinktest" time="11.889"/>
  <system-out/>
  <testcase classname="com.qa.testclasses.loginpagetest" name="logintest" time="19.685"/>
  <system-out/>
</testsuite> <!-- com.qa.testclasses.loginpagetest -->
