<?xml version="1.0" encoding="UTF-8"?>
<!-- Generated by org.testng.reporters.JUnitReportReporter -->
<testsuite hostname="LAPTOP-7Q4V18QD" failures="0" tests="1" name="com.qa.testclasses.hompagetest" time="23.171" errors="0" timestamp="2022-06-22T21:33:23 IST" skipped="0">
  <testcase classname="com.qa.testclasses.hompagetest" name="getusernametest" time="23.171"/>
  <system-out/>
</testsuite> <!-- com.qa.testclasses.hompagetest -->
